<?xml version="1.0" encoding="UTF-8"?>
<coverage generated="1679440629461" clover="3.2.0">
  <project timestamp="1679440629461" name="All files">
    <metrics statements="27" coveredstatements="22" conditionals="26" coveredconditionals="17" methods="1" coveredmethods="1" elements="54" coveredelements="40" complexity="0" loc="27" ncloc="27" packages="1" files="1" classes="1"/>
    <file name="RetailerAddProduct.js" path="C:\Users\sayed\Documents\kings\SEG\scanit\frontend\scanit\components\forms-validations\RetailerAddProduct.js">
      <metrics statements="27" coveredstatements="22" conditionals="26" coveredconditionals="17" methods="1" coveredmethods="1"/>
      <line num="1" count="1" type="stmt"/>
      <line num="2" count="9" type="stmt"/>
      <line num="4" count="9" type="cond" truecount="1" falsecount="1"/>
      <line num="5" count="9" type="stmt"/>
      <line num="6" count="0" type="cond" truecount="0" falsecount="2"/>
      <line num="7" count="0" type="stmt"/>
      <line num="10" count="9" type="cond" truecount="1" falsecount="1"/>
      <line num="11" count="0" type="stmt"/>
      <line num="14" count="9" type="cond" truecount="2" falsecount="0"/>
      <line num="15" count="3" type="stmt"/>
      <line num="16" count="6" type="cond" truecount="2" falsecount="0"/>
      <line num="20" count="5" type="stmt"/>
      <line num="23" count="9" type="cond" truecount="2" falsecount="0"/>
      <line num="24" count="8" type="stmt"/>
      <line num="25" count="1" type="cond" truecount="1" falsecount="1"/>
      <line num="26" count="1" type="stmt"/>
      <line num="29" count="9" type="cond" truecount="2" falsecount="0"/>
      <line num="30" count="7" type="stmt"/>
      <line num="31" count="2" type="cond" truecount="2" falsecount="0"/>
      <line num="36" count="1" type="stmt"/>
      <line num="37" count="1" type="cond" truecount="1" falsecount="1"/>
      <line num="38" count="1" type="stmt"/>
      <line num="41" count="9" type="cond" truecount="1" falsecount="1"/>
      <line num="42" count="9" type="stmt"/>
      <line num="43" count="0" type="cond" truecount="0" falsecount="2"/>
      <line num="44" count="0" type="stmt"/>
      <line num="47" count="9" type="stmt"/>
    </file>
  </project>
</coverage>
