TN:
SF:components/forms-validations/RetailerProduct.js
FN:2,(anonymous_0)
FN:11,(anonymous_1)
FN:18,(anonymous_2)
FN:27,(anonymous_3)
FN:36,(anonymous_4)
FN:51,(anonymous_5)
FNF:6
FNH:3
FNDA:0,(anonymous_0)
FNDA:0,(anonymous_1)
FNDA:6,(anonymous_2)
FNDA:1,(anonymous_3)
FNDA:2,(anonymous_4)
FNDA:0,(anonymous_5)
DA:1,1
DA:3,0
DA:4,0
DA:5,0
DA:6,0
DA:8,0
DA:12,0
DA:13,0
DA:15,0
DA:19,6
DA:20,0
DA:21,6
DA:22,5
DA:24,1
DA:28,1
DA:29,0
DA:30,1
DA:31,1
DA:33,0
DA:37,2
DA:38,0
DA:39,2
DA:44,1
DA:45,1
DA:46,1
DA:48,0
DA:52,0
DA:53,0
DA:54,0
DA:55,0
DA:57,0
LF:31
LH:13
BRDA:3,0,0,0
BRDA:3,0,1,0
BRDA:5,1,0,0
BRDA:5,1,1,0
BRDA:12,2,0,0
BRDA:12,2,1,0
BRDA:19,3,0,0
BRDA:19,3,1,6
BRDA:19,4,0,6
BRDA:19,4,1,6
BRDA:21,5,0,5
BRDA:21,5,1,1
BRDA:28,6,0,0
BRDA:28,6,1,1
BRDA:30,7,0,1
BRDA:30,7,1,0
BRDA:37,8,0,0
BRDA:37,8,1,2
BRDA:39,9,0,1
BRDA:39,9,1,1
BRDA:45,10,0,1
BRDA:45,10,1,0
BRDA:52,11,0,0
BRDA:52,11,1,0
BRDA:54,12,0,0
BRDA:54,12,1,0
BRF:26
BRH:11
end_of_record
