TN:
SF:components\forms-validations\RetailerAddProduct.js
FN:1,(anonymous_0)
FNF:1
FNH:1
FNDA:9,(anonymous_0)
DA:1,1
DA:2,9
DA:4,9
DA:5,9
DA:6,0
DA:7,0
DA:10,9
DA:11,0
DA:14,9
DA:15,3
DA:16,6
DA:20,5
DA:23,9
DA:24,8
DA:25,1
DA:26,1
DA:29,9
DA:30,7
DA:31,2
DA:36,1
DA:37,1
DA:38,1
DA:41,9
DA:42,9
DA:43,0
DA:44,0
DA:47,9
LF:27
LH:22
BRDA:4,0,0,9
BRDA:4,0,1,0
BRDA:6,1,0,0
BRDA:6,1,1,0
BRDA:10,2,0,0
BRDA:10,2,1,9
BRDA:14,3,0,3
BRDA:14,3,1,6
BRDA:16,4,0,5
BRDA:16,4,1,1
BRDA:17,5,0,6
BRDA:17,5,1,1
BRDA:23,6,0,8
BRDA:23,6,1,1
BRDA:25,7,0,1
BRDA:25,7,1,0
BRDA:29,8,0,7
BRDA:29,8,1,2
BRDA:31,9,0,1
BRDA:31,9,1,1
BRDA:37,10,0,1
BRDA:37,10,1,0
BRDA:41,11,0,9
BRDA:41,11,1,0
BRDA:43,12,0,0
BRDA:43,12,1,0
BRF:26
BRH:17
end_of_record
